1534753343.999964 client started (53760): version 2.7, socket /private/tmp/tmux-501/default, protocol 8
1534753344.000041 on Darwin 17.7.0 Darwin Kernel Version 17.7.0: Fri Jul  6 19:54:51 PDT 2018; root:xnu-4570.71.3~2/RELEASE_X86_64; libevent 2.1.8-stable (select)
1534753344.000118 socket is /private/tmp/tmux-501/default
1534753344.000154 trying connect
1534753344.000200 connect failed: Connection refused
1534753344.000459 lock file is /private/tmp/tmux-501/default.lock
1534753344.000587 flock succeeded
1534753344.000604 got lock (6)
1534753344.000620 trying connect
1534753344.000640 connect failed: Connection refused
1534753344.001563 add peer 0x7feaf8800000: 7 (0x0)
1534753344.004227 sending message 100 to peer 0x7feaf8800000 (4 bytes)
1534753344.004325 sending message 101 to peer 0x7feaf8800000 (15 bytes)
1534753344.004352 sending message 102 to peer 0x7feaf8800000 (13 bytes)
1534753344.004365 sending message 108 to peer 0x7feaf8800000 (64 bytes)
1534753344.004389 sending message 104 to peer 0x7feaf8800000 (0 bytes)
1534753344.004398 sending message 107 to peer 0x7feaf8800000 (4 bytes)
1534753344.004407 sending message 105 to peer 0x7feaf8800000 (28 bytes)
1534753344.004415 sending message 105 to peer 0x7feaf8800000 (16 bytes)
1534753344.004423 sending message 105 to peer 0x7feaf8800000 (20 bytes)
1534753344.004432 sending message 105 to peer 0x7feaf8800000 (57 bytes)
1534753344.004440 sending message 105 to peer 0x7feaf8800000 (76 bytes)
1534753344.004448 sending message 105 to peer 0x7feaf8800000 (25 bytes)
1534753344.004456 sending message 105 to peer 0x7feaf8800000 (56 bytes)
1534753344.004464 sending message 105 to peer 0x7feaf8800000 (53 bytes)
1534753344.004472 sending message 105 to peer 0x7feaf8800000 (14 bytes)
1534753344.004481 sending message 105 to peer 0x7feaf8800000 (66 bytes)
1534753344.004489 sending message 105 to peer 0x7feaf8800000 (139 bytes)
1534753344.004497 sending message 105 to peer 0x7feaf8800000 (68 bytes)
1534753344.004505 sending message 105 to peer 0x7feaf8800000 (17 bytes)
1534753344.004513 sending message 105 to peer 0x7feaf8800000 (14 bytes)
1534753344.004521 sending message 105 to peer 0x7feaf8800000 (19 bytes)
1534753344.004529 sending message 105 to peer 0x7feaf8800000 (8 bytes)
1534753344.004538 sending message 105 to peer 0x7feaf8800000 (21 bytes)
1534753344.004546 sending message 105 to peer 0x7feaf8800000 (17 bytes)
1534753344.004554 sending message 105 to peer 0x7feaf8800000 (26 bytes)
1534753344.004562 sending message 105 to peer 0x7feaf8800000 (22 bytes)
1534753344.004570 sending message 106 to peer 0x7feaf8800000 (0 bytes)
1534753344.004583 sending message 200 to peer 0x7feaf8800000 (4 bytes)
1534753344.004592 client loop enter
1534753344.017953 peer 0x7feaf8800000 message 207
1534753344.017969 sending message 208 to peer 0x7feaf8800000 (0 bytes)
1534753437.612595 peer 0x7feaf8800000 message 203
1534753437.612622 sending message 205 to peer 0x7feaf8800000 (0 bytes)
1534753437.612858 peer 0x7feaf8800000 message 204
1534753437.612882 client loop exit
